
Text file name: D:\FGV\SICSS\SICSS\Narrativas Semana\20230115\20230115.txt

Configuration:
Drop list file name: none
Include list file name: none
Character filter file name: none
Select list file name: none
Drop words less frequent than: 300
Drop word pairs less frequent than: 10
Preserve wordpair order: yes
Include numbers as words: no
Link until sentence end: yes
Link steps: 5
Linkage Strength Method: CONSTANT
Remove punctuation inside words: yes
Compound words: combine
Using Porter stemming algorithm: no
Using Chinese filter: no
Replace English contracted forms: no
Replace 's ending by is word: no

The program processed the file in 0.637048 minutes.
